*Info*    Exporting services from client ... 

*Info*    Client has finished starting ... 



*Info*    Configuring the session ...

	Library      = wk_ADPLL
	Cell         = VCO_VI
	View         = schematic
	Simulator    = spectre
	State Path   = $AXL_SETUPDB_DIR/test_states
	State Name   = Interactive.332
	Results DB   = /home/ic/workspace/wk_ADPLL/VCO_VI/maestro_1/results/maestro/Interactive.332.rdb
	Results Dir  = /root/simulation/wk_ADPLL/VCO_VI/maestro_1/results/maestro/Interactive.332/1/wk_ADPLL:VCO_VI:1
	Results Loc  = /root/simulation/wk_ADPLL/VCO_VI/maestro_1/results/maestro
	Project Dir  = /root/simulation
	Setup DB loc = /home/ic/workspace/wk_ADPLL/VCO_VI/maestro_1
	File Encoding = 0


variable oasisVariableValue redefined
variable persistNewList redefined
*Info*    The simulation mode in Spectre has been changed from
          'interactive' to 'batch' mode because ICLP.


*Info*    The auto suspension is disabled.






*Info*    Run start for Point ID (9 1) on testbench [
          wk_ADPLL:VCO_VI:1 ].

Resetting statistical vars

*Info*    Setting parameter values ...

Setting var I = "3m"
Setting var NA = ""
Setting var W1 = "15u"
Setting var Ws = "0.4u"
Setting var Ws1 = "1*Ws"
Setting var Ws2 = "2*Ws"
Setting var Ws3 = "4*Ws"
Setting var Ws4 = "8*Ws"
Setting var Ws5 = "16*Ws"
Setting var Ws6 = "32*Ws"
Setting temp(T) = 27

*Info*    Netlist Directory =
          /root/simulation/wk_ADPLL/VCO_VI/maestro_1/results/maestro/Interactive.332/1/wk_ADPLL:VCO_VI:1/netlist


*Info*    Data Directory    =
          /root/simulation/wk_ADPLL/VCO_VI/maestro_1/results/maestro/Interactive.332/1/wk_ADPLL:VCO_VI:1


*Info*    Creating Netlist for Point ID (9 1)

generate netlist...
Begin Incremental Netlisting Oct 25 00:49:42 2022
WARNING (OSSHNL-225): The design variable 'DPAR_1', used in the last netlisting session in the current
run directory is not used in this netlisting session. The netlist(s) generated
in the last netlisting session cannot be reused for incremental netlisting.
Therefore re-netlisting the design.

End netlisting Oct 25 00:49:42 2022

Netlisting Statistics:
	Number of components:   31

	Elapsed time:          0.0s
Errors: 0	Warnings: 0
*Warning*	Additional design variables have been found during netlisting.
 		A value is necessary for successful simulation.
		To simulate, assign values to all design variables with 
		the Variables->Edit... menu, and use "Netlist and Run".
      ...successful.
compose simulator input file...
      ...successful.

*Info*    Running simulation on testbench [ wk_ADPLL:VCO_VI:1 ] for
          Point ID (9 1).

Delete psf data in /root/simulation/wk_ADPLL/VCO_VI/maestro_1/results/maestro/Interactive.332/1/wk_ADPLL:VCO_VI:1/psf.
compose simulator input file...
      ...successful.
start simulator if needed...
      ...successful.
simulate...
To view the simulator output, right-click on the test name, result 
name, or any value in the "Results" tab of the Outputs section and 
choose "Output Log" menu option.
INFO (ADE-3071): Simulation completed successfully.
reading simulation data...
      ...successful.
*Info*    Client has finished evaluating ... 

*Info*    Threshold=0.800

*Info*    Run complete for Point ID (9 1) on testbench [
          wk_ADPLL:VCO_VI:1 ].





Simulation design variables differ from those on the cellView,
they have been saved in the file "/tmp/saved-design-variables".
To save future changes, copy variables to cellView before exiting.
