*Info*    Exporting services from client ... 

*Info*    Client has finished starting ... 



*Info*    Configuring the session ...

	Library      = wk_ADPLL
	Cell         = VCO_VI
	View         = schematic
	Simulator    = spectre
	State Path   = $AXL_SETUPDB_DIR/test_states
	State Name   = Interactive.341
	Results DB   = /home/ic/workspace/wk_ADPLL/VCO_VI/maestro_1/results/maestro/Interactive.341.rdb
	Results Dir  = /root/simulation/wk_ADPLL/VCO_VI/maestro/results/maestro/.tmpADEDir_root/simulation/wk_ADPLL/VCO_VI/maestro_1/results/maestro/Interactive.341/1/wk_ADPLL:VCO_VI:1
	Results Loc  = /root/simulation/wk_ADPLL/VCO_VI/maestro/results/maestro/.tmpADEDir_root/simulation/wk_ADPLL/VCO_VI/maestro_1/results/maestro
	Project Dir  = /root/simulation/wk_ADPLL/VCO_VI/maestro/results/maestro/.tmpADEDir_root/simulation
	Setup DB loc = /home/ic/workspace/wk_ADPLL/VCO_VI/maestro_1
	File Encoding = 0


variable oasisVariableValue redefined
variable persistNewList redefined
*Info*    The simulation mode in Spectre has been changed from
          'interactive' to 'batch' mode because ICLP.


*Info*    The auto suspension is disabled.






*Info*    Run start for Point ID (4 1) on testbench [
          wk_ADPLL:VCO_VI:1 ].

Resetting statistical vars

*Info*    Setting parameter values ...

Setting var C = "1"
Setting var I = "2m"
Setting var NA = "0"
Setting var W1 = "13u"
Setting var Ws = "400n"
Setting var Ws1 = "1*Ws"
Setting var Ws2 = "2*Ws"
Setting var Ws3 = "4*Ws"
Setting var Ws4 = "8*Ws"
Setting var Ws5 = "16*Ws"
Setting var Ws6 = "32*Ws"
Setting var Ws7 = "400n"
Setting temp(T) = 27
Setting temp(T) = 85

*Info*    Netlist Directory =
          /root/simulation/wk_ADPLL/VCO_VI/maestro/results/maestro/.tmpADEDir_root/simulation/wk_ADPLL/VCO_VI/maestro_1/results/maestro/Interactive.341/1/wk_ADPLL:VCO_VI:1/netlist


*Info*    Data Directory    =
          /root/simulation/wk_ADPLL/VCO_VI/maestro/results/maestro/.tmpADEDir_root/simulation/wk_ADPLL/VCO_VI/maestro_1/results/maestro/Interactive.341/1/wk_ADPLL:VCO_VI:1


*Info*    Creating Netlist for Point ID (4 1)

generate netlist...
Begin Incremental Netlisting Oct 26 21:18:30 2022
End netlisting Oct 26 21:18:30 2022

	The netlist is up to date.
	Time taken to compare the design with netlist:   0.0s
      ...successful.
compose simulator input file...
      ...successful.

*Info*    Running simulation on testbench [ wk_ADPLL:VCO_VI:1 ] for
          Point ID (4 1).

Delete psf data in /root/simulation/wk_ADPLL/VCO_VI/maestro/results/maestro/.tmpADEDir_root/simulation/wk_ADPLL/VCO_VI/maestro_1/results/maestro/Interactive.341/1/wk_ADPLL:VCO_VI:1/psf.
compose simulator input file...
      ...successful.
start simulator if needed...
      ...successful.
simulate...
To view the simulator output, right-click on the test name, result 
name, or any value in the "Results" tab of the Outputs section and 
choose "Output Log" menu option.
Simulation design variables differ from those on the cellView,
they have been saved in the file "/tmp/saved-design-variables".
To save future changes, copy variables to cellView before exiting.
