Starting Single Run, Sweeps and Corners...

Current time: Sun Sep 11 18:07:32 2022 
Best design point: 1
Design specs: 
	wk_ADPLL:DCO_CORE_tb:1	corner	NOM_85 - 
	VAMP_SE		66.45u	No
	VCM		443.7m	Yes
	FOSC		419.1M	No
	PN_1M		-83.88	Yes
	PN_10M		-108	Near
	FOSC1		418.6M
Design parameters: 
	T_STOP		60n
	VDD		900m
	ibias		300u
	nfinga		20
	COARSE_TRIM_CAP		1
	FINE_TRIM_CAP		1
	wireopt		19
	ilo		2.8m
	iloF		28G
	mult		1

Best design point: 2
Design specs: 
	wk_ADPLL:DCO_CORE_tb:1	corner	NOM_85 - 
	VAMP_SE		756.9m	No
	VCM		427.3m	Near
	FOSC		30.81G	Near
	PN_1M		-83.67	Yes
	PN_10M		-108.1	Yes
	FOSC1		30.81G
Design parameters: 
	T_STOP		60n
	VDD		900m
	ibias		300u
	nfinga		20
	COARSE_TRIM_CAP		1
	FINE_TRIM_CAP		1
	wireopt		19
	ilo		2.8m
	iloF		28G
	mult		2

Received stop signal from user. 
Interactive.139 completed. 
Current time: Sun Sep 11 18:24:12 2022 
