Starting Single Run, Sweeps and Corners...

Current time: Sun Sep 11 18:03:38 2022 
Best design point: 1
Design specs: 
	wk_ADPLL:DCO_CORE_tb:1	corner	NOM_85 - 
	VAMP_SE		66.45u	No
	VCM		443.7m	Yes
	FOSC		419.1M	No
	PN_1M		-83.88	Yes
	PN_10M		-108	Near
	FOSC1		418.6M
Design parameters: 
	T_STOP		60n
	VDD		900m
	ibias		300u
	nfinga		20
	COARSE_TRIM_CAP		1
	FINE_TRIM_CAP		1
	wireopt		19
	ilo		2.8m
	iloF		28G

Interactive.138
Number of points completed: 1
Number of simulation errors: 0
Interactive.138 completed. 
Current time: Sun Sep 11 18:06:07 2022 
