Starting Single Run, Sweeps and Corners...

Current time: Fri Oct 14 19:42:39 2022 
Best design point: 1
Design specs: 
	wk_ADPLL:DCO_CORE_tb:1	corner	NOM_85 - 
	VAMP_SE		700.5m	No
	VCM		461.2m	Yes
	FOSC		27.43G	Yes
	PN_1M		-85.6	Near
	PN_10M		-110.4	Yes
	FOSC1		28.01G	Yes
Design parameters: 
	T_STOP		60n
	VDD		900m
	ibias		300u
	nfinga		20
	COARSE_TRIM_CAP		1
	FINE_TRIM_CAP		1
	wireopt		19
	VCTRL		100m
	ilo		2.8m
	iloF		28G

Best design point: 2
Design specs: 
	wk_ADPLL:DCO_CORE_tb:1	corner	NOM_85 - 
	VAMP_SE		700.6m	No
	VCM		461m	Yes
	FOSC		27.58G	Yes
	PN_1M		-85.45	Near
	PN_10M		-110.2	Yes
	FOSC1		28.18G	Yes
Design parameters: 
	T_STOP		60n
	VDD		900m
	ibias		300u
	nfinga		20
	COARSE_TRIM_CAP		1
	FINE_TRIM_CAP		1
	wireopt		19
	VCTRL		120m
	ilo		2.8m
	iloF		28G

Best design point: 6
Design specs: 
	wk_ADPLL:DCO_CORE_tb:1	corner	NOM_85 - 
	VAMP_SE		709m	No
	VCM		459.8m	Yes
	FOSC		28.3G	Yes
	PN_1M		-84.92	Yes
	PN_10M		-109.6	Yes
	FOSC1		28.95G	Yes
Design parameters: 
	T_STOP		60n
	VDD		900m
	ibias		300u
	nfinga		20
	COARSE_TRIM_CAP		1
	FINE_TRIM_CAP		1
	wireopt		19
	VCTRL		200m
	ilo		2.8m
	iloF		28G

Interactive.144
Number of points completed: 31
Number of simulation errors: 0
Interactive.144 completed. 
Current time: Fri Oct 14 20:19:15 2022 
