Starting Single Run, Sweeps and Corners...

Current time: Sun Oct  9 12:28:24 2022 
Best design point: 1
Design specs: 
	wk_ADPLL:PFD_tb:1	corner	Nominal - 
Design parameters: 
	DTa		0
	DTb		0
	freqGEN		28G
	freqREF		28.4G
	tf		80m
	tr		80m
	VDD		800m
	VSS		0
	Wn1		700n
	Wn3		4u
	Wni1		580n
	Wni2		580n
	Wp1		500n
	Wpi1		970n
	Wpi2		970n
	CL		3f
	Wn2		1.3u

Interactive.19
Number of points completed: 8
Number of simulation errors: 0
Interactive.19 completed. 
Current time: Sun Oct  9 12:32:26 2022 
