Starting Single Run, Sweeps and Corners...

Current time: Sun Oct  9 13:05:23 2022 
Best design point: 1
Design specs: 
	wk_ADPLL:PFD_tb:1	corner	Nominal - 
Design parameters: 
	DTa		0
	DTb		0
	freqGEN		28G
	freqREF		28.4G
	tf		80m
	tr		80m
	VDD		800m
	VSS		0
	Wn1		1.3u
	Wn3		5u
	Wni1		580n
	Wni2		580n
	Wp1		900n
	Wpi1		970n
	Wpi2		970n
	CL		3f
	Wn2		1.3u

Interactive.21
Number of points completed: 1
Number of simulation errors: 0
Interactive.21 completed. 
Current time: Sun Oct  9 13:06:03 2022 
