\o Program:		@(#)$CDS: libManager version 6.1.8 - CAT37 09/24/2018 21:00 (ip-172-18-22-224) $
\o Sub version:		sub-version  p015 
\o Arguments:		-unmapped -mpssession virtuoso74 -mpshost rhel 
\o Working Directory:	rhel:/home/ic/workspace
\o 64-bit offsets
\o Qt version: 		5.9.1
\o changeWorkingDir("/home/ic/workspace") unnecessary.
\o ddSetForcedLib("") unnecessary.
\o Log file is "/home/ic/workspace/libManager.log".
\o Opening libManager window.
\a nrSetWindowVisibility(cdsLibManager "show")
\o MPS service: map window
\o Library Manager customization server connected.
\a nrSetCurrentWindow(cdsLibManager)
\w Warning: The directory: '/opt/IC618/tools.lnx86/dfII/samples/artist/avTech' does not exist
\w 	but was defined in libFile '/home/ic/workspace/cds.lib' for Lib 'avTech'.
\a nrResizeWindow(cdsLibManager list(171 184 602 491))
\a nrResizeWindow(cdsLibManager list(171 163 602 512))
\a nrResizeWindow(cdsLibManager list(171 147 602 528))
\a cdsLibManager->libListBox->value = "cmos22fdsoi"
\a cdsLibManager->libLineEdit->value = "cmos22fdsoi"
\a cdsLibManager->libListBox->value = "cmos22fdsoi_tech"
\a cdsLibManager->libLineEdit->value = "cmos22fdsoi_tech"
\a cdsLibManager->libListBox->value = "cmos22fdsoi_rf"
\a cdsLibManager->libLineEdit->value = "cmos22fdsoi_rf"
\a cdsLibManager->cellListBox->value = "apmom_rf"
\a cdsLibManager->cellLineEdit->value = "apmom_rf"
\a cdsLibManager->cellListBox->value = "eguslvtnfet_rf_b"
\a cdsLibManager->cellLineEdit->value = "eguslvtnfet_rf_b"
\a cdsLibManager->viewListBox->value = "layout"
\a cdsLibManager->viewLineEdit->value = "layout"
\a cdsLibManager->libListBox->value = nil
\a cdsLibManager->libLineEdit->value = ""
\a cdsLibManager->cellListBox->value = nil
\a cdsLibManager->viewLineEdit->value = ""
\a cdsLibManager->viewListBox->value = nil
\a cdsLibManager->cellLineEdit->value = ""
\w Warning: The directory: '/opt/IC618/tools.lnx86/dfII/samples/artist/avTech' does not exist
\w 	but was defined in libFile '/home/ic/workspace/cds.lib' for Lib 'avTech'.
\a cdsLibManager->libListBox->value = "cmos22fdsoi_rf"
\a cdsLibManager->libLineEdit->value = "cmos22fdsoi_rf"
\a cdsLibManager->cellListBox->value = "eguslvtnfet_rf_b"
\a cdsLibManager->cellLineEdit->value = "eguslvtnfet_rf_b"
\a cdsLibManager->viewListBox->value = "layout"
\a cdsLibManager->viewLineEdit->value = "layout"
\a cdsLibManager->viewLineEdit->value = ""
\a cdsLibManager->viewListBox->value = nil
\a cdsLibManager->viewListBox->value = "layout"
\a cdsLibManager->viewLineEdit->value = "layout"
\a cdsLibManager->libListBox->value = nil
\a cdsLibManager->libLineEdit->value = ""
\a cdsLibManager->cellListBox->value = nil
\a cdsLibManager->viewLineEdit->value = ""
\a cdsLibManager->viewListBox->value = nil
\a cdsLibManager->cellLineEdit->value = ""
\w Warning: The directory: '/opt/IC618/tools.lnx86/dfII/samples/artist/avTech' does not exist
\w 	but was defined in libFile '/home/ic/workspace/cds.lib' for Lib 'avTech'.
\a cdsLibManager->libListBox->value = "cmos22fdsoi_rf"
\a cdsLibManager->libLineEdit->value = "cmos22fdsoi_rf"
\a cdsLibManager->cellListBox->value = "eguslvtnfet_rf_b"
\a cdsLibManager->cellLineEdit->value = "eguslvtnfet_rf_b"
\a cdsLibManager->viewListBox->value = "layout"
\a cdsLibManager->viewLineEdit->value = "layout"
\a cdsLibManager->viewLineEdit->value = ""
\a cdsLibManager->viewListBox->value = nil
\a cdsLibManager->viewListBox->value = "layout"
\a cdsLibManager->viewLineEdit->value = "layout"
\a cdsLibManager->libListBox->value = nil
\a cdsLibManager->libLineEdit->value = ""
\a cdsLibManager->cellListBox->value = nil
\a cdsLibManager->viewLineEdit->value = ""
\a cdsLibManager->viewListBox->value = nil
\a cdsLibManager->cellLineEdit->value = ""
\w Warning: The directory: '/opt/IC618/tools.lnx86/dfII/samples/artist/avTech' does not exist
\w 	but was defined in libFile '/home/ic/workspace/cds.lib' for Lib 'avTech'.
\a cdsLibManager->libListBox->value = "cmos22fdsoi_rf"
\a cdsLibManager->libLineEdit->value = "cmos22fdsoi_rf"
\a cdsLibManager->cellListBox->value = "eguslvtnfet_rf_b"
\a cdsLibManager->cellLineEdit->value = "eguslvtnfet_rf_b"
\a cdsLibManager->viewListBox->value = "layout"
\a cdsLibManager->viewLineEdit->value = "layout"
\a cdsLibManager->viewLineEdit->value = ""
\a cdsLibManager->viewListBox->value = nil
\a cdsLibManager->viewListBox->value = "layout"
\a cdsLibManager->viewLineEdit->value = "layout"
\a nrResizeWindow(cdsLibManager list(0 27 1920 1016))
\a nrResizeWindow(cdsLibManager list(489 121 602 528))
\a nrResizeWindow(cdsLibManager list(310 97 602 528))
\a cdsLibManager->libListBox->value = nil
\a cdsLibManager->libLineEdit->value = ""
\a cdsLibManager->cellListBox->value = nil
\a cdsLibManager->viewLineEdit->value = ""
\a cdsLibManager->viewListBox->value = nil
\a cdsLibManager->cellLineEdit->value = ""
\w Warning: The directory: '/opt/IC618/tools.lnx86/dfII/samples/artist/avTech' does not exist
\w 	but was defined in libFile '/home/ic/workspace/cds.lib' for Lib 'avTech'.
\a cdsLibManager->libListBox->value = "cmos22fdsoi_rf"
\a cdsLibManager->libLineEdit->value = "cmos22fdsoi_rf"
\a cdsLibManager->cellListBox->value = "eguslvtnfet_rf_b"
\a cdsLibManager->cellLineEdit->value = "eguslvtnfet_rf_b"
\a cdsLibManager->viewListBox->value = "layout"
\a cdsLibManager->viewLineEdit->value = "layout"
\a cdsLibManager->viewLineEdit->value = ""
\a cdsLibManager->viewListBox->value = nil
\a cdsLibManager->viewListBox->value = "layout"
\a cdsLibManager->viewLineEdit->value = "layout"
\a cdsLibManager->libListBox->value = nil
\a cdsLibManager->libLineEdit->value = ""
\a cdsLibManager->cellListBox->value = nil
\a cdsLibManager->viewLineEdit->value = ""
\a cdsLibManager->viewListBox->value = nil
\a cdsLibManager->cellLineEdit->value = ""
\w Warning: The directory: '/opt/IC618/tools.lnx86/dfII/samples/artist/avTech' does not exist
\w 	but was defined in libFile '/home/ic/workspace/cds.lib' for Lib 'avTech'.
\a cdsLibManager->libListBox->value = "cmos22fdsoi_rf"
\a cdsLibManager->libLineEdit->value = "cmos22fdsoi_rf"
\a cdsLibManager->cellListBox->value = "eguslvtnfet_rf_b"
\a cdsLibManager->cellLineEdit->value = "eguslvtnfet_rf_b"
\a cdsLibManager->viewListBox->value = "layout"
\a cdsLibManager->viewLineEdit->value = "layout"
\a cdsLibManager->viewLineEdit->value = ""
\a cdsLibManager->viewListBox->value = nil
\a cdsLibManager->viewListBox->value = "layout"
\a cdsLibManager->viewLineEdit->value = "layout"
\a cdsLibManager->libListBox->value = nil
\a cdsLibManager->libLineEdit->value = ""
\a cdsLibManager->cellListBox->value = nil
\a cdsLibManager->viewLineEdit->value = ""
\a cdsLibManager->viewListBox->value = nil
\a cdsLibManager->cellLineEdit->value = ""
\w Warning: The directory: '/opt/IC618/tools.lnx86/dfII/samples/artist/avTech' does not exist
\w 	but was defined in libFile '/home/ic/workspace/cds.lib' for Lib 'avTech'.
\a cdsLibManager->libListBox->value = "cmos22fdsoi_rf"
\a cdsLibManager->libLineEdit->value = "cmos22fdsoi_rf"
\a cdsLibManager->cellListBox->value = "eguslvtnfet_rf_b"
\a cdsLibManager->cellLineEdit->value = "eguslvtnfet_rf_b"
\a cdsLibManager->viewListBox->value = "layout"
\a cdsLibManager->viewLineEdit->value = "layout"
\a cdsLibManager->viewLineEdit->value = ""
\a cdsLibManager->viewListBox->value = nil
\a cdsLibManager->viewListBox->value = "layout"
\a cdsLibManager->viewLineEdit->value = "layout"
\a cdsLibManager->libListBox->value = nil
\a cdsLibManager->libLineEdit->value = ""
\a cdsLibManager->cellListBox->value = nil
\a cdsLibManager->viewLineEdit->value = ""
\a cdsLibManager->viewListBox->value = nil
\a cdsLibManager->cellLineEdit->value = ""
\w Warning: The directory: '/opt/IC618/tools.lnx86/dfII/samples/artist/avTech' does not exist
\w 	but was defined in libFile '/home/ic/workspace/cds.lib' for Lib 'avTech'.
\a cdsLibManager->libListBox->value = "cmos22fdsoi_rf"
\a cdsLibManager->libLineEdit->value = "cmos22fdsoi_rf"
\a cdsLibManager->cellListBox->value = "eguslvtnfet_rf_b"
\a cdsLibManager->cellLineEdit->value = "eguslvtnfet_rf_b"
\a cdsLibManager->viewListBox->value = "layout"
\a cdsLibManager->viewLineEdit->value = "layout"
\a cdsLibManager->viewLineEdit->value = ""
\a cdsLibManager->viewListBox->value = nil
\a cdsLibManager->viewListBox->value = "layout"
\a cdsLibManager->viewLineEdit->value = "layout"
\a cdsLibManager->libListBox->value = nil
\a cdsLibManager->libLineEdit->value = ""
\a cdsLibManager->cellListBox->value = nil
\a cdsLibManager->viewLineEdit->value = ""
\a cdsLibManager->viewListBox->value = nil
\a cdsLibManager->cellLineEdit->value = ""
\w Warning: The directory: '/opt/IC618/tools.lnx86/dfII/samples/artist/avTech' does not exist
\w 	but was defined in libFile '/home/ic/workspace/cds.lib' for Lib 'avTech'.
\a cdsLibManager->libListBox->value = "cmos22fdsoi_rf"
\a cdsLibManager->libLineEdit->value = "cmos22fdsoi_rf"
\a cdsLibManager->cellListBox->value = "eguslvtnfet_rf_b"
\a cdsLibManager->cellLineEdit->value = "eguslvtnfet_rf_b"
\a cdsLibManager->viewListBox->value = "layout"
\a cdsLibManager->viewLineEdit->value = "layout"
\a cdsLibManager->viewLineEdit->value = ""
\a cdsLibManager->viewListBox->value = nil
\a cdsLibManager->viewListBox->value = "layout"
\a cdsLibManager->viewLineEdit->value = "layout"
\a cdsLibManager->libListBox->value = nil
\a cdsLibManager->libLineEdit->value = ""
\a cdsLibManager->cellListBox->value = nil
\a cdsLibManager->viewLineEdit->value = ""
\a cdsLibManager->viewListBox->value = nil
\a cdsLibManager->cellLineEdit->value = ""
\w Warning: The directory: '/opt/IC618/tools.lnx86/dfII/samples/artist/avTech' does not exist
\w 	but was defined in libFile '/home/ic/workspace/cds.lib' for Lib 'avTech'.
\a cdsLibManager->libListBox->value = "cmos22fdsoi_rf"
\a cdsLibManager->libLineEdit->value = "cmos22fdsoi_rf"
\a cdsLibManager->cellListBox->value = "eguslvtnfet_rf_b"
\a cdsLibManager->cellLineEdit->value = "eguslvtnfet_rf_b"
\a cdsLibManager->viewListBox->value = "layout"
\a cdsLibManager->viewLineEdit->value = "layout"
\a cdsLibManager->viewLineEdit->value = ""
\a cdsLibManager->viewListBox->value = nil
\a cdsLibManager->viewListBox->value = "layout"
\a cdsLibManager->viewLineEdit->value = "layout"
\a cdsLibManager->libListBox->value = nil
\a cdsLibManager->libLineEdit->value = ""
\a cdsLibManager->cellListBox->value = nil
\a cdsLibManager->viewLineEdit->value = ""
\a cdsLibManager->viewListBox->value = nil
\a cdsLibManager->cellLineEdit->value = ""
\w Warning: The directory: '/opt/IC618/tools.lnx86/dfII/samples/artist/avTech' does not exist
\w 	but was defined in libFile '/home/ic/workspace/cds.lib' for Lib 'avTech'.
\a cdsLibManager->libListBox->value = "cmos22fdsoi_rf"
\a cdsLibManager->libLineEdit->value = "cmos22fdsoi_rf"
\a cdsLibManager->cellListBox->value = "eguslvtnfet_rf_b"
\a cdsLibManager->cellLineEdit->value = "eguslvtnfet_rf_b"
\a cdsLibManager->viewListBox->value = "layout"
\a cdsLibManager->viewLineEdit->value = "layout"
\a cdsLibManager->viewLineEdit->value = ""
\a cdsLibManager->viewListBox->value = nil
\a cdsLibManager->viewListBox->value = "layout"
\a cdsLibManager->viewLineEdit->value = "layout"
\a cdsLibManager->libListBox->value = nil
\a cdsLibManager->libLineEdit->value = ""
\a cdsLibManager->cellListBox->value = nil
\a cdsLibManager->viewLineEdit->value = ""
\a cdsLibManager->viewListBox->value = nil
\a cdsLibManager->cellLineEdit->value = ""
\w Warning: The directory: '/opt/IC618/tools.lnx86/dfII/samples/artist/avTech' does not exist
\w 	but was defined in libFile '/home/ic/workspace/cds.lib' for Lib 'avTech'.
\a cdsLibManager->libListBox->value = "cmos22fdsoi_rf"
\a cdsLibManager->libLineEdit->value = "cmos22fdsoi_rf"
\a cdsLibManager->cellListBox->value = "eguslvtnfet_rf_b"
\a cdsLibManager->cellLineEdit->value = "eguslvtnfet_rf_b"
\a cdsLibManager->viewListBox->value = "layout"
\a cdsLibManager->viewLineEdit->value = "layout"
\a cdsLibManager->viewLineEdit->value = ""
\a cdsLibManager->viewListBox->value = nil
\a cdsLibManager->viewListBox->value = "layout"
\a cdsLibManager->viewLineEdit->value = "layout"
\a nrSetCurrentWindow(cdsLibManager)
\a cdsLibManager->libListBox->value = "cmos22fdsoi"
\a cdsLibManager->libLineEdit->value = "cmos22fdsoi"
\a cdsLibManager->cellLineEdit->value = ""
\a cdsLibManager->cellListBox->value = nil
\a cdsLibManager->viewLineEdit->value = ""
\a cdsLibManager->viewListBox->value = nil
\a cdsLibManager->libListBox->value = "cdsDefTechLib"
\a cdsLibManager->libLineEdit->value = "cdsDefTechLib"
\a nrSetWindowVisibility(cdsLibManager "hide")
\a _lmgrCloseIconify("cdsLibManager" 1)
\o MPS service: shutdown
\o libManager is exiting.
\a exit(0)
