Starting Single Run, Sweeps and Corners...

Current time: Mon Oct 10 21:42:18 2022 
Best design point: 1
Design specs: 
	wk_ADPLL:inverter_vbig_tb:1	corner	FF_PRE - 
	Tr		4.522p
	Tf		5.546p
	wk_ADPLL:inverter_vbig_tb:1	corner	FS_PRE - 
	Tr		6.142p
	Tf		5.776p
	wk_ADPLL:inverter_vbig_tb:1	corner	SF_PRE - 
	Tr		4.846p
	Tf		7.28p
	wk_ADPLL:inverter_vbig_tb:1	corner	SS_PRE - 
	Tr		4.522p
	Tf		5.546p
	wk_ADPLL:inverter_vbig_tb:1	corner	Nominal - 
	Tr		5.467p
	Tf		6.501p
Design parameters: 
	CL		3f
	tf		100m
	tr		100m
	VDD		800m
	VSS		0
	freqD		45G

Interactive.3
Number of points completed: 1
Number of simulation errors: 0
Interactive.3 completed. 
Current time: Mon Oct 10 21:44:14 2022 
