Starting Single Run, Sweeps and Corners...

Current time: Fri Oct 21 02:59:01 2022 
Best design point: 1
Design specs: 
	wk_ADPLL:ILFD2_54G:2	corner	Nominal - 
	AVGFa		62.31G
Design parameters: 
	I		3.2m
	C1		25f
	C2		30f
	F1		56G
	F2		28G
	L1		220p
	L2		210p
	W1		12u
	W2		15u
	Ws1		300n
	Ws2		600n
	Ws3		1.2u
	Ws4		2.4u
	Ws5		4.8u
	Ws6		9.6u
	Ws		300n

Interactive.292
Number of points completed: 1
Number of simulation errors: 0
Interactive.292 completed. 
Current time: Fri Oct 21 03:00:59 2022 
