Starting Single Run, Sweeps and Corners...

Current time: Fri Oct  7 14:54:03 2022 
Best design point: 1
Design specs: 
	KC:inverter_tb:1	corner	FF_POST - 
	Tr		16.56p
	Tf		23.03p
	Tpd		9.304p
	KC:inverter_tb:1	corner	FS_POST - 
	Tr		23.08p
	Tf		24.84p
	Tpd		9.539p
	KC:inverter_tb:1	corner	SF_POST - 
	Tr		16.91p
	Tf		27.9p
	Tpd		12.28p
	KC:inverter_tb:1	corner	SS_POST - 
	Tr		16.56p
	Tf		23.03p
	Tpd		9.304p
	KC:inverter_tb:1	corner	Nominal - 
	Tr		19.39p
	Tf		26.12p
	Tpd		10.77p
Design parameters: 
	CL		5f
	F		2G
	VDD		800m
	VSS		0
	WpWn		1.722
	Wn		570n
	Wp		981.3n

Interactive.50
Number of points completed: 1
Number of simulation errors: 0
Interactive.50 completed. 
Current time: Fri Oct  7 14:58:11 2022 
