Starting Single Run, Sweeps and Corners...

Current time: Fri Oct  7 15:08:14 2022 
Best design point: 1
Design specs: 
	KC:inverter_tb:1	corner	FF_PRE - 
	Tr		17.37p
	Tf		24.37p
	Tpd		9.72p
	KC:inverter_tb:1	corner	FS_PRE - 
	Tr		23.86p
	Tf		26.26p
	Tpd		9.948p
	KC:inverter_tb:1	corner	SF_PRE - 
	Tr		17.59p
	Tf		29.24p
	Tpd		12.77p
	KC:inverter_tb:1	corner	SS_PRE - 
	Tr		17.37p
	Tf		24.37p
	Tpd		9.72p
	KC:inverter_tb:1	corner	Nominal - 
	Tr		20.31p
	Tf		27.49p
	Tpd		11.22p
Design parameters: 
	CL		5f
	F		10G
	VDD		800m
	VSS		0
	WpWn		1.722
	Wn		570n
	Wp		981.3n

Interactive.52
Number of points completed: 1
Number of simulation errors: 0
Interactive.52 completed. 
Current time: Fri Oct  7 15:14:57 2022 
