Starting Single Run, Sweeps and Corners...

Current time: Tue Oct  5 07:42:42 2021 
Best design point: 1
Design specs: 
	myLib:NAND2IN_analysis:1	corner	Nominal - 
	tRise		11.97p
	tFall		9.595p
	tpH		7.404p
	tpL		6.005p
	myLib:NAND2IN_analysis:1:1	corner	Nominal - 
	tRise		13.97p
	tFall		9.552p
	tpALH		8.741p
	tpAHL		5.253p
	myLib:NAND2IN_analysis:1:1:1	corner	Nominal - 
	tRise		12.03p
	tFall		10.07p
	tpBLH		7.41p
	tpAHL		4.945p
	myLib:NAND2IN_analysis:3	corner	Nominal - 
	I_Leak_Avg		31.71n
Design parameters: 
	T		100p
	wireopt		11
	nl		20n
	nw		190n
	pl		20n
	pw		150n
	nfing		1
	pfing		1
	NW2		400n
	PW2		320n
	NW		100n
	PW		100n
	PW1		275n
	C		5f
	F		5G
	NL		20n
	PL		20n

Interactive.74
Number of points completed: 1
Number of simulation errors: 0
Interactive.74 completed. 
Current time: Tue Oct  5 07:47:29 2021 
