Starting Single Run, Sweeps and Corners...

Current time: Tue Oct  5 07:28:56 2021 
Best design point: 1
Design specs: 
	myLib:NAND2IN_analysis:1	corner	Nominal - 
	tRise		24.96p
	tFall		17.42p
	tpH		14.4p
	tpL		10.72p
	myLib:NAND2IN_analysis:1:1	corner	Nominal - 
	tRise		27.97p
	tFall		17.43p
	tpALH		16.78p
	tpAHL		10.36p
	myLib:NAND2IN_analysis:1:1:1	corner	Nominal - 
	tRise		24.97p
	tFall		17.56p
	tpBLH		14.4p
	tpAHL		8.983p
	myLib:NAND2IN_analysis:3	corner	Nominal - 
	I_Leak_Avg		1.296n
Design parameters: 
	T		100p
	wireopt		11
	nl		20n
	nw		190n
	pl		20n
	pw		150n
	nfing		1
	pfing		1
	NW2		400n
	PW2		320n
	NW		100n
	PW		100n
	PW1		275n
	C		5f
	F		5G
	NL		20n
	PL		20n

Interactive.73
Number of points completed: 1
Number of simulation errors: 0
Interactive.73 completed. 
Current time: Tue Oct  5 07:32:04 2021 
